Vivado Simulator 2020.2
Copyright 1986-1999, 2001-2020 Xilinx, Inc. All Rights Reserved.
Running: G:/Xilinx/Vivado/2020.2/bin/unwrapped/win64.o/xelab.exe -wto 5f1b567e34ed4ae28a2af396f9499dbe --incr --debug typical --relax --mt 2 -L xil_defaultlib -L unisims_ver -L unimacro_ver -L secureip -L xpm --snapshot tb_ip_2port_ram_behav xil_defaultlib.tb_ip_2port_ram xil_defaultlib.glbl -log elaborate.log 
Using 2 slave threads.
Starting static elaboration
Pass Through NonSizing Optimizer
Completed static elaboration
Starting simulation data flow analysis
Completed simulation data flow analysis
Time Resolution for simulation is 1ps
Compiling module xil_defaultlib.ram_wr
Compiling module unisims_ver.GND
Compiling module unisims_ver.RB18_INTERNAL_VLOG(RAM_MODE="SDP...
Compiling module unisims_ver.RAMB18E1(RAM_MODE="SDP",READ_WID...
Compiling module xil_defaultlib.blk_mem_gen_0
Compiling module xil_defaultlib.ram_rd
Compiling module unisims_ver.FDRE_default
Compiling module unisims_ver.x_lut1_mux2
Compiling module unisims_ver.LUT1
Compiling module unisims_ver.RB36_INTERNAL_VLOG(DOA_REG=1,DOB...
Compiling module unisims_ver.RAMB36E1(DOA_REG=1,DOB_REG=1,REA...
Compiling module xil_defaultlib.ila_0_blk_mem_gen_v8_4_4
Compiling module unisims_ver.SRL16E_default
Compiling module unisims_ver.LUT4
Compiling module unisims_ver.x_lut3_mux8
Compiling module unisims_ver.LUT3
Compiling module unisims_ver.SRLC32E_default
Compiling module unisims_ver.LUT6
Compiling module unisims_ver.SRLC16E_default
Compiling module unisims_ver.x_lut2_mux4
Compiling module unisims_ver.LUT2
Compiling module unisims_ver.LUT5
Compiling module unisims_ver.CARRY4
Compiling module unisims_ver.CFGLUT5_default
Compiling module unisims_ver.MUXF7
Compiling module unisims_ver.FDSE_default
Compiling module xil_defaultlib.ila_0
Compiling module xil_defaultlib.ip_2port_ram
Compiling module xil_defaultlib.tb_ip_2port_ram
Compiling module xil_defaultlib.glbl
Built simulation snapshot tb_ip_2port_ram_behav
